<?xml version="1.0" encoding="UTF-8"?>
<testsuite xmlns:xsi="http://www.w3.org/2001/XMLSchema-instance" xsi:noNamespaceSchemaLocation="https://maven.apache.org/surefire/maven-surefire-plugin/xsd/surefire-test-report.xsd" name="TestSuite" time="26.185" tests="6" errors="0" skipped="3" failures="3">
  <properties>
[...]
</properties>
  <testcase name="setUp" classname="com.PocketBank.PB_01" time="20.53">
    <failure type="java.lang.ExceptionInInitializerError">java.lang.ExceptionInInitializerError
Caused by: net.sf.cglib.core.CodeGenerationException: java.lang.reflect.InaccessibleObjectException-->Unable to make protected final java.lang.Class java.lang.ClassLoader.defineClass(java.lang.String,byte[],int,int,java.security.ProtectionDomain) throws java.lang.ClassFormatError accessible: module java.base does not "opens java.lang" to unnamed module @66498326
Caused by: java.lang.reflect.InaccessibleObjectException: Unable to make protected final java.lang.Class java.lang.ClassLoader.defineClass(java.lang.String,byte[],int,int,java.security.ProtectionDomain) throws java.lang.ClassFormatError accessible: module java.base does not "opens java.lang" to unnamed module @66498326
</failure>
  </testcase>
  <testcase name="setUp" classname="com.PocketBank.PB_01" time="2.225">
    <failure message="Could not initialize class net.sf.cglib.proxy.Enhancer" type="java.lang.NoClassDefFoundError">java.lang.NoClassDefFoundError: Could not initialize class net.sf.cglib.proxy.Enhancer
Caused by: java.lang.ExceptionInInitializerError: Exception net.sf.cglib.core.CodeGenerationException: java.lang.reflect.InaccessibleObjectException-->Unable to make protected final java.lang.Class java.lang.ClassLoader.defineClass(java.lang.String,byte[],int,int,java.security.ProtectionDomain) throws java.lang.ClassFormatError accessible: module java.base does not "opens java.lang" to unnamed module @66498326 [in thread "setUp@2"]
</failure>
  </testcase>
  <testcase name="setUp" classname="com.PocketBank.PB_01" time="1.603">
    <failure message="Could not initialize class net.sf.cglib.proxy.Enhancer" type="java.lang.NoClassDefFoundError">java.lang.NoClassDefFoundError: Could not initialize class net.sf.cglib.proxy.Enhancer
Caused by: java.lang.ExceptionInInitializerError: Exception net.sf.cglib.core.CodeGenerationException: java.lang.reflect.InaccessibleObjectException-->Unable to make protected final java.lang.Class java.lang.ClassLoader.defineClass(java.lang.String,byte[],int,int,java.security.ProtectionDomain) throws java.lang.ClassFormatError accessible: module java.base does not "opens java.lang" to unnamed module @66498326 [in thread "setUp@2"]
</failure>
  </testcase>
  <testcase name="PB_01_launchapp" classname="com.PocketBank.PB_01" time="0">
    <skipped/>
  </testcase>
  <testcase name="PB_01_launchapp" classname="com.PocketBank.PB_01" time="0">
    <skipped message="Could not initialize class net.sf.cglib.proxy.Enhancer"/>
  </testcase>
  <testcase name="PB_01_launchapp" classname="com.PocketBank.PB_01" time="0">
    <skipped message="Could not initialize class net.sf.cglib.proxy.Enhancer"/>
  </testcase>
</testsuite>